   1              		.cpu cortex-m4
   2              		.arch armv7e-m
   3              		.fpu fpv4-sp-d16
   4              		.eabi_attribute 27, 1
   5              		.eabi_attribute 28, 1
   6              		.eabi_attribute 20, 1
   7              		.eabi_attribute 21, 1
   8              		.eabi_attribute 23, 3
   9              		.eabi_attribute 24, 1
  10              		.eabi_attribute 25, 1
  11              		.eabi_attribute 26, 1
  12              		.eabi_attribute 30, 4
  13              		.eabi_attribute 34, 1
  14              		.eabi_attribute 18, 4
  15              		.file	"key.c"
  16              		.text
  17              	.Ltext0:
  18              		.cfi_sections	.debug_frame
  19              		.file 1 "source\\key\\key.c"
  20              		.section	.text.beep_control,"ax",%progbits
  21              		.align	1
  22              		.global	beep_control
  23              		.syntax unified
  24              		.thumb
  25              		.thumb_func
  27              	beep_control:
  28              	.LVL0:
  29              	.LFB123:
   1:source\key/key.c **** /********************************************************************************/
   2:source\key/key.c **** /* key.c	                                                                */
   3:source\key/key.c **** /* STM32F407ZGT6                                                                */
   4:source\key/key.c **** /* (Lee ChangWoo HL2IRW  hl2irw@daum.net 010-8573-6860)                 	*/
   5:source\key/key.c **** /* stm32f4x_test								*/
   6:source\key/key.c **** /********************************************************************************/
   7:source\key/key.c **** #include "../../hwdefs.h"
   8:source\key/key.c **** #include "../prototype.h"
   9:source\key/key.c **** 
  10:source\key/key.c **** #define KEY_TIME			10
  11:source\key/key.c **** volatile unsigned char key_cnt1,key_cnt2,key_cnt3,key_cnt4,key_value,beep_on;
  12:source\key/key.c **** volatile unsigned short beep_cnt,beep_max;
  13:source\key/key.c **** 
  14:source\key/key.c **** 
  15:source\key/key.c **** 
  16:source\key/key.c **** void beep_control (unsigned char ctl)
  17:source\key/key.c **** {
  30              		.loc 1 17 1 view -0
  31              		.cfi_startproc
  32              		@ args = 0, pretend = 0, frame = 0
  33              		@ frame_needed = 0, uses_anonymous_args = 0
  34              		@ link register save eliminated.
  18:source\key/key.c ****       if (ctl == ON) {
  35              		.loc 1 18 7 view .LVU1
  36 0000 074A     		ldr	r2, .L4
  37 0002 0849     		ldr	r1, .L4+4
  38              		.loc 1 18 10 is_stmt 0 view .LVU2
  39 0004 0128     		cmp	r0, #1
  40 0006 4FF00003 		mov	r3, #0
  41              	.LBB4:
  42              	.LBI4:
  16:source\key/key.c **** {
  43              		.loc 1 16 6 is_stmt 1 view .LVU3
  44              	.LVL1:
  45              	.LBB5:
  19:source\key/key.c ****          beep_on = 1;
  46              		.loc 1 19 10 view .LVU4
  47              	.LBE5:
  48              	.LBE4:
  20:source\key/key.c ****          beep_cnt = 0;
  21:source\key/key.c ****       } else {
  22:source\key/key.c ****          beep_on = 0;
  49              		.loc 1 22 18 is_stmt 0 view .LVU5
  50 000a 1DBF     		ittte	ne
  51 000c 0B70     		strbne	r3, [r1]
  23:source\key/key.c ****          beep_cnt = 0;
  52              		.loc 1 23 19 view .LVU6
  53 000e 1380     		strhne	r3, [r2]	@ movhi
  24:source\key/key.c ****          BEEP = 0;
  54              		.loc 1 24 15 view .LVU7
  55 0010 054A     		ldrne	r2, .L4+8
  56              	.LBB8:
  57              	.LBB6:
  19:source\key/key.c ****          beep_cnt = 0;
  58              		.loc 1 19 18 view .LVU8
  59 0012 0870     		strbeq	r0, [r1]
  20:source\key/key.c ****       } else {
  60              		.loc 1 20 10 is_stmt 1 view .LVU9
  61              	.LBE6:
  62              	.LBE8:
  63              		.loc 1 24 15 is_stmt 0 view .LVU10
  64 0014 14BF     		ite	ne
  65 0016 C2F8A032 		strne	r3, [r2, #672]
  66              	.LBB9:
  67              	.LBB7:
  20:source\key/key.c ****       } else {
  68              		.loc 1 20 19 view .LVU11
  69 001a 1380     		strheq	r3, [r2]	@ movhi
  70              	.LBE7:
  71              	.LBE9:
  22:source\key/key.c ****          beep_cnt = 0;
  72              		.loc 1 22 10 is_stmt 1 view .LVU12
  23:source\key/key.c ****          BEEP = 0;
  73              		.loc 1 23 10 view .LVU13
  74              		.loc 1 24 10 view .LVU14
  75              	.LVL2:
  25:source\key/key.c ****       }
  26:source\key/key.c **** }
  76              		.loc 1 26 1 is_stmt 0 view .LVU15
  77 001c 7047     		bx	lr
  78              	.L5:
  79 001e 00BF     		.align	2
  80              	.L4:
  81 0020 00000000 		.word	beep_cnt
  82 0024 00000000 		.word	beep_on
  83 0028 00804242 		.word	1111654400
  84              		.cfi_endproc
  85              	.LFE123:
  87              		.section	.text.beep_check,"ax",%progbits
  88              		.align	1
  89              		.global	beep_check
  90              		.syntax unified
  91              		.thumb
  92              		.thumb_func
  94              	beep_check:
  95              	.LFB124:
  27:source\key/key.c **** 
  28:source\key/key.c **** 
  29:source\key/key.c **** void beep_check (void)
  30:source\key/key.c **** {
  96              		.loc 1 30 1 is_stmt 1 view -0
  97              		.cfi_startproc
  98              		@ args = 0, pretend = 0, frame = 0
  99              		@ frame_needed = 0, uses_anonymous_args = 0
 100              		@ link register save eliminated.
  31:source\key/key.c ****       if (beep_on) {
 101              		.loc 1 31 7 view .LVU17
 102              		.loc 1 31 11 is_stmt 0 view .LVU18
 103 0000 0D4B     		ldr	r3, .L13
 104 0002 1B78     		ldrb	r3, [r3]	@ zero_extendqisi2
 105              		.loc 1 31 10 view .LVU19
 106 0004 BBB1     		cbz	r3, .L6
  32:source\key/key.c ****          beep_cnt++;
 107              		.loc 1 32 10 is_stmt 1 view .LVU20
 108              		.loc 1 32 18 is_stmt 0 view .LVU21
 109 0006 0D4A     		ldr	r2, .L13+4
 110 0008 1388     		ldrh	r3, [r2]
 111 000a 0133     		adds	r3, r3, #1
 112 000c 9BB2     		uxth	r3, r3
 113 000e 1380     		strh	r3, [r2]	@ movhi
  33:source\key/key.c ****          if (beep_cnt < 200) {
 114              		.loc 1 33 10 is_stmt 1 view .LVU22
 115              		.loc 1 33 23 is_stmt 0 view .LVU23
 116 0010 1388     		ldrh	r3, [r2]
 117 0012 9BB2     		uxth	r3, r3
 118              		.loc 1 33 13 view .LVU24
 119 0014 C72B     		cmp	r3, #199
 120 0016 0A4B     		ldr	r3, .L13+8
  34:source\key/key.c ****             BEEP = 1;
 121              		.loc 1 34 13 is_stmt 1 view .LVU25
 122              		.loc 1 34 18 is_stmt 0 view .LVU26
 123 0018 94BF     		ite	ls
 124 001a 0121     		movls	r1, #1
  35:source\key/key.c ****          } else {
  36:source\key/key.c ****             BEEP = 0;
 125              		.loc 1 36 13 is_stmt 1 view .LVU27
 126              		.loc 1 36 18 is_stmt 0 view .LVU28
 127 001c 0021     		movhi	r1, #0
 128 001e C3F8A012 		str	r1, [r3, #672]
  37:source\key/key.c ****          }
  38:source\key/key.c ****          if (beep_cnt >= beep_max) {
 129              		.loc 1 38 10 is_stmt 1 view .LVU29
 130              		.loc 1 38 23 is_stmt 0 view .LVU30
 131 0022 084B     		ldr	r3, .L13+12
 132 0024 1288     		ldrh	r2, [r2]
 133 0026 1B88     		ldrh	r3, [r3]
 134 0028 92B2     		uxth	r2, r2
 135 002a 9BB2     		uxth	r3, r3
 136              		.loc 1 38 13 view .LVU31
 137 002c 9A42     		cmp	r2, r3
 138 002e 02D3     		bcc	.L6
 139              	.LBB12:
 140              	.LBI12:
  29:source\key/key.c **** {
 141              		.loc 1 29 6 is_stmt 1 view .LVU32
 142              	.LBB13:
  39:source\key/key.c ****             beep_control(OFF);
 143              		.loc 1 39 13 view .LVU33
 144 0030 0020     		movs	r0, #0
 145 0032 FFF7FEBF 		b	beep_control
 146              	.LVL3:
 147              	.L6:
 148              	.LBE13:
 149              	.LBE12:
  40:source\key/key.c ****          }
  41:source\key/key.c ****       }
  42:source\key/key.c **** }
 150              		.loc 1 42 1 is_stmt 0 view .LVU34
 151 0036 7047     		bx	lr
 152              	.L14:
 153              		.align	2
 154              	.L13:
 155 0038 00000000 		.word	beep_on
 156 003c 00000000 		.word	beep_cnt
 157 0040 00804242 		.word	1111654400
 158 0044 00000000 		.word	beep_max
 159              		.cfi_endproc
 160              	.LFE124:
 162              		.section	.text.key_read,"ax",%progbits
 163              		.align	1
 164              		.global	key_read
 165              		.syntax unified
 166              		.thumb
 167              		.thumb_func
 169              	key_read:
 170              	.LFB125:
  43:source\key/key.c **** 
  44:source\key/key.c **** 
  45:source\key/key.c **** unsigned char key_read (void)
  46:source\key/key.c **** {
 171              		.loc 1 46 1 is_stmt 1 view -0
 172              		.cfi_startproc
 173              		@ args = 0, pretend = 0, frame = 0
 174              		@ frame_needed = 0, uses_anonymous_args = 0
  47:source\key/key.c ****       if (KEY0 == RESET) {
 175              		.loc 1 47 7 view .LVU36
 176              		.loc 1 47 11 is_stmt 0 view .LVU37
 177 0000 394B     		ldr	r3, .L36
 178 0002 D3F81012 		ldr	r1, [r3, #528]
 179 0006 394B     		ldr	r3, .L36+4
  46:source\key/key.c ****       if (KEY0 == RESET) {
 180              		.loc 1 46 1 view .LVU38
 181 0008 10B5     		push	{r4, lr}
 182              		.cfi_def_cfa_offset 8
 183              		.cfi_offset 4, -8
 184              		.cfi_offset 14, -4
 185 000a 394C     		ldr	r4, .L36+8
 186              		.loc 1 47 10 view .LVU39
 187 000c 0029     		cmp	r1, #0
 188 000e 52D1     		bne	.L16
  48:source\key/key.c ****          key_cnt1++;
 189              		.loc 1 48 10 is_stmt 1 view .LVU40
 190              		.loc 1 48 18 is_stmt 0 view .LVU41
 191 0010 1A78     		ldrb	r2, [r3]	@ zero_extendqisi2
 192 0012 0132     		adds	r2, r2, #1
 193 0014 D2B2     		uxtb	r2, r2
 194 0016 1A70     		strb	r2, [r3]
  49:source\key/key.c ****          if (key_cnt1 >= KEY_TIME) {
 195              		.loc 1 49 10 is_stmt 1 view .LVU42
 196              		.loc 1 49 23 is_stmt 0 view .LVU43
 197 0018 1A78     		ldrb	r2, [r3]	@ zero_extendqisi2
 198              		.loc 1 49 13 view .LVU44
 199 001a 092A     		cmp	r2, #9
 200 001c 07D9     		bls	.L18
  50:source\key/key.c ****             key_cnt1 = 0;
 201              		.loc 1 50 13 is_stmt 1 view .LVU45
 202              		.loc 1 50 22 is_stmt 0 view .LVU46
 203 001e 1970     		strb	r1, [r3]
  51:source\key/key.c ****             if ((key_value & 0x01) == 0) {
 204              		.loc 1 51 13 is_stmt 1 view .LVU47
 205              		.loc 1 51 28 is_stmt 0 view .LVU48
 206 0020 2378     		ldrb	r3, [r4]	@ zero_extendqisi2
 207              		.loc 1 51 16 view .LVU49
 208 0022 D807     		lsls	r0, r3, #31
 209 0024 03D4     		bmi	.L18
  52:source\key/key.c ****                key_value |= 0x01;
 210              		.loc 1 52 16 is_stmt 1 view .LVU50
 211              		.loc 1 52 26 is_stmt 0 view .LVU51
 212 0026 2378     		ldrb	r3, [r4]	@ zero_extendqisi2
 213 0028 43F00103 		orr	r3, r3, #1
 214              	.L32:
  53:source\key/key.c ****                //beep_control(ON);
  54:source\key/key.c ****             }
  55:source\key/key.c ****          }
  56:source\key/key.c ****       } else {
  57:source\key/key.c ****          key_cnt1 = 0;
  58:source\key/key.c ****          key_value &= ~(0x01);
 215              		.loc 1 58 20 view .LVU52
 216 002c 2370     		strb	r3, [r4]
 217              	.L18:
  59:source\key/key.c ****       }
  60:source\key/key.c ****       if (KEY1 == RESET) {
 218              		.loc 1 60 7 is_stmt 1 view .LVU53
 219              		.loc 1 60 11 is_stmt 0 view .LVU54
 220 002e 2E4B     		ldr	r3, .L36
 221 0030 D3F80C12 		ldr	r1, [r3, #524]
 222 0034 2F4B     		ldr	r3, .L36+12
 223              		.loc 1 60 10 view .LVU55
 224 0036 0029     		cmp	r1, #0
 225 0038 43D1     		bne	.L20
  61:source\key/key.c ****          key_cnt2++;
 226              		.loc 1 61 10 is_stmt 1 view .LVU56
 227              		.loc 1 61 18 is_stmt 0 view .LVU57
 228 003a 1A78     		ldrb	r2, [r3]	@ zero_extendqisi2
 229 003c 0132     		adds	r2, r2, #1
 230 003e D2B2     		uxtb	r2, r2
 231 0040 1A70     		strb	r2, [r3]
  62:source\key/key.c ****          if (key_cnt2 >= KEY_TIME) {
 232              		.loc 1 62 10 is_stmt 1 view .LVU58
 233              		.loc 1 62 23 is_stmt 0 view .LVU59
 234 0042 1A78     		ldrb	r2, [r3]	@ zero_extendqisi2
 235              		.loc 1 62 13 view .LVU60
 236 0044 092A     		cmp	r2, #9
 237 0046 07D9     		bls	.L22
  63:source\key/key.c ****             key_cnt2 = 0;
 238              		.loc 1 63 13 is_stmt 1 view .LVU61
 239              		.loc 1 63 22 is_stmt 0 view .LVU62
 240 0048 1970     		strb	r1, [r3]
  64:source\key/key.c ****             if ((key_value & 0x02) == 0) {
 241              		.loc 1 64 13 is_stmt 1 view .LVU63
 242              		.loc 1 64 28 is_stmt 0 view .LVU64
 243 004a 2378     		ldrb	r3, [r4]	@ zero_extendqisi2
 244              		.loc 1 64 16 view .LVU65
 245 004c 9907     		lsls	r1, r3, #30
 246 004e 03D4     		bmi	.L22
  65:source\key/key.c ****                key_value |= 0x02;
 247              		.loc 1 65 16 is_stmt 1 view .LVU66
 248              		.loc 1 65 26 is_stmt 0 view .LVU67
 249 0050 2378     		ldrb	r3, [r4]	@ zero_extendqisi2
 250 0052 43F00203 		orr	r3, r3, #2
 251              	.L33:
  66:source\key/key.c ****                //beep_control(ON);
  67:source\key/key.c ****             }
  68:source\key/key.c ****          }
  69:source\key/key.c ****       } else {
  70:source\key/key.c ****          key_cnt2 = 0;
  71:source\key/key.c ****          key_value &= ~(0x02);
 252              		.loc 1 71 20 view .LVU68
 253 0056 2370     		strb	r3, [r4]
 254              	.L22:
  72:source\key/key.c ****       }
  73:source\key/key.c ****       if (KEY2 == RESET) {
 255              		.loc 1 73 7 is_stmt 1 view .LVU69
 256              		.loc 1 73 11 is_stmt 0 view .LVU70
 257 0058 234B     		ldr	r3, .L36
 258 005a D3F80812 		ldr	r1, [r3, #520]
 259 005e 264B     		ldr	r3, .L36+16
 260              		.loc 1 73 10 view .LVU71
 261 0060 0029     		cmp	r1, #0
 262 0062 34D1     		bne	.L24
  74:source\key/key.c ****          key_cnt3++;
 263              		.loc 1 74 10 is_stmt 1 view .LVU72
 264              		.loc 1 74 18 is_stmt 0 view .LVU73
 265 0064 1A78     		ldrb	r2, [r3]	@ zero_extendqisi2
 266 0066 0132     		adds	r2, r2, #1
 267 0068 D2B2     		uxtb	r2, r2
 268 006a 1A70     		strb	r2, [r3]
  75:source\key/key.c ****          if (key_cnt3 >= KEY_TIME) {
 269              		.loc 1 75 10 is_stmt 1 view .LVU74
 270              		.loc 1 75 23 is_stmt 0 view .LVU75
 271 006c 1A78     		ldrb	r2, [r3]	@ zero_extendqisi2
 272              		.loc 1 75 13 view .LVU76
 273 006e 092A     		cmp	r2, #9
 274 0070 07D9     		bls	.L26
  76:source\key/key.c ****             key_cnt3 = 0;
 275              		.loc 1 76 13 is_stmt 1 view .LVU77
 276              		.loc 1 76 22 is_stmt 0 view .LVU78
 277 0072 1970     		strb	r1, [r3]
  77:source\key/key.c ****             if ((key_value & 0x04) == 0) {
 278              		.loc 1 77 13 is_stmt 1 view .LVU79
 279              		.loc 1 77 28 is_stmt 0 view .LVU80
 280 0074 2378     		ldrb	r3, [r4]	@ zero_extendqisi2
 281              		.loc 1 77 16 view .LVU81
 282 0076 5A07     		lsls	r2, r3, #29
 283 0078 03D4     		bmi	.L26
  78:source\key/key.c ****                key_value |= 0x04;
 284              		.loc 1 78 16 is_stmt 1 view .LVU82
 285              		.loc 1 78 26 is_stmt 0 view .LVU83
 286 007a 2378     		ldrb	r3, [r4]	@ zero_extendqisi2
 287 007c 43F00403 		orr	r3, r3, #4
 288              	.L34:
  79:source\key/key.c ****                //beep_control(ON);
  80:source\key/key.c ****             }
  81:source\key/key.c ****          }
  82:source\key/key.c ****       } else {
  83:source\key/key.c ****          key_cnt3 = 0;
  84:source\key/key.c ****          key_value &= ~(0x04);
 289              		.loc 1 84 20 view .LVU84
 290 0080 2370     		strb	r3, [r4]
 291              	.L26:
  85:source\key/key.c ****       }
  86:source\key/key.c ****       if (KEY_UP == SET) {
 292              		.loc 1 86 7 is_stmt 1 view .LVU85
 293              		.loc 1 86 11 is_stmt 0 view .LVU86
 294 0082 1E4B     		ldr	r3, .L36+20
 295 0084 D3F80032 		ldr	r3, [r3, #512]
 296              		.loc 1 86 10 view .LVU87
 297 0088 012B     		cmp	r3, #1
 298 008a 1D4B     		ldr	r3, .L36+24
 299 008c 25D1     		bne	.L28
  87:source\key/key.c ****          key_cnt4++;
 300              		.loc 1 87 10 is_stmt 1 view .LVU88
 301              		.loc 1 87 18 is_stmt 0 view .LVU89
 302 008e 1A78     		ldrb	r2, [r3]	@ zero_extendqisi2
 303 0090 0132     		adds	r2, r2, #1
 304 0092 D2B2     		uxtb	r2, r2
 305 0094 1A70     		strb	r2, [r3]
  88:source\key/key.c ****          if (key_cnt4 >= KEY_TIME) {
 306              		.loc 1 88 10 is_stmt 1 view .LVU90
 307              		.loc 1 88 23 is_stmt 0 view .LVU91
 308 0096 1A78     		ldrb	r2, [r3]	@ zero_extendqisi2
 309              		.loc 1 88 13 view .LVU92
 310 0098 092A     		cmp	r2, #9
 311 009a 08D9     		bls	.L30
  89:source\key/key.c ****             key_cnt4 = 0;
 312              		.loc 1 89 13 is_stmt 1 view .LVU93
 313              		.loc 1 89 22 is_stmt 0 view .LVU94
 314 009c 0022     		movs	r2, #0
 315 009e 1A70     		strb	r2, [r3]
  90:source\key/key.c ****             if ((key_value & 0x08) == 0) {
 316              		.loc 1 90 13 is_stmt 1 view .LVU95
 317              		.loc 1 90 28 is_stmt 0 view .LVU96
 318 00a0 2378     		ldrb	r3, [r4]	@ zero_extendqisi2
 319              		.loc 1 90 16 view .LVU97
 320 00a2 1B07     		lsls	r3, r3, #28
 321 00a4 03D4     		bmi	.L30
  91:source\key/key.c ****                key_value |= 0x08;
 322              		.loc 1 91 16 is_stmt 1 view .LVU98
 323              		.loc 1 91 26 is_stmt 0 view .LVU99
 324 00a6 2378     		ldrb	r3, [r4]	@ zero_extendqisi2
 325 00a8 43F00803 		orr	r3, r3, #8
 326              	.L35:
  92:source\key/key.c ****                //beep_control(ON);
  93:source\key/key.c ****             }
  94:source\key/key.c ****          }
  95:source\key/key.c ****       } else {
  96:source\key/key.c ****          key_cnt4 = 0;
  97:source\key/key.c ****          key_value &= ~(0x08);
 327              		.loc 1 97 20 view .LVU100
 328 00ac 2370     		strb	r3, [r4]
 329              	.L30:
  98:source\key/key.c ****       }
  99:source\key/key.c ****       beep_check();
 330              		.loc 1 99 7 is_stmt 1 view .LVU101
 331 00ae FFF7FEFF 		bl	beep_check
 332              	.LVL4:
 100:source\key/key.c ****       return key_value;
 333              		.loc 1 100 7 view .LVU102
 334              		.loc 1 100 14 is_stmt 0 view .LVU103
 335 00b2 2078     		ldrb	r0, [r4]	@ zero_extendqisi2
 101:source\key/key.c **** }
 336              		.loc 1 101 1 view .LVU104
 337 00b4 10BD     		pop	{r4, pc}
 338              	.L16:
  57:source\key/key.c ****          key_value &= ~(0x01);
 339              		.loc 1 57 10 is_stmt 1 view .LVU105
  57:source\key/key.c ****          key_value &= ~(0x01);
 340              		.loc 1 57 19 is_stmt 0 view .LVU106
 341 00b6 0022     		movs	r2, #0
 342 00b8 1A70     		strb	r2, [r3]
  58:source\key/key.c ****       }
 343              		.loc 1 58 10 is_stmt 1 view .LVU107
  58:source\key/key.c ****       }
 344              		.loc 1 58 20 is_stmt 0 view .LVU108
 345 00ba 2378     		ldrb	r3, [r4]	@ zero_extendqisi2
 346 00bc 03F0FE03 		and	r3, r3, #254
 347 00c0 B4E7     		b	.L32
 348              	.L20:
  70:source\key/key.c ****          key_value &= ~(0x02);
 349              		.loc 1 70 10 is_stmt 1 view .LVU109
  70:source\key/key.c ****          key_value &= ~(0x02);
 350              		.loc 1 70 19 is_stmt 0 view .LVU110
 351 00c2 0022     		movs	r2, #0
 352 00c4 1A70     		strb	r2, [r3]
  71:source\key/key.c ****       }
 353              		.loc 1 71 10 is_stmt 1 view .LVU111
  71:source\key/key.c ****       }
 354              		.loc 1 71 20 is_stmt 0 view .LVU112
 355 00c6 2378     		ldrb	r3, [r4]	@ zero_extendqisi2
 356 00c8 03F0FD03 		and	r3, r3, #253
 357 00cc C3E7     		b	.L33
 358              	.L24:
  83:source\key/key.c ****          key_value &= ~(0x04);
 359              		.loc 1 83 10 is_stmt 1 view .LVU113
  83:source\key/key.c ****          key_value &= ~(0x04);
 360              		.loc 1 83 19 is_stmt 0 view .LVU114
 361 00ce 0022     		movs	r2, #0
 362 00d0 1A70     		strb	r2, [r3]
  84:source\key/key.c ****       }
 363              		.loc 1 84 10 is_stmt 1 view .LVU115
  84:source\key/key.c ****       }
 364              		.loc 1 84 20 is_stmt 0 view .LVU116
 365 00d2 2378     		ldrb	r3, [r4]	@ zero_extendqisi2
 366 00d4 03F0FB03 		and	r3, r3, #251
 367 00d8 D2E7     		b	.L34
 368              	.L28:
  96:source\key/key.c ****          key_value &= ~(0x08);
 369              		.loc 1 96 10 is_stmt 1 view .LVU117
  96:source\key/key.c ****          key_value &= ~(0x08);
 370              		.loc 1 96 19 is_stmt 0 view .LVU118
 371 00da 0022     		movs	r2, #0
 372 00dc 1A70     		strb	r2, [r3]
  97:source\key/key.c ****       }
 373              		.loc 1 97 10 is_stmt 1 view .LVU119
  97:source\key/key.c ****       }
 374              		.loc 1 97 20 is_stmt 0 view .LVU120
 375 00de 2378     		ldrb	r3, [r4]	@ zero_extendqisi2
 376 00e0 03F0F703 		and	r3, r3, #247
 377 00e4 E2E7     		b	.L35
 378              	.L37:
 379 00e6 00BF     		.align	2
 380              	.L36:
 381 00e8 00004242 		.word	1111621632
 382 00ec 00000000 		.word	key_cnt1
 383 00f0 00000000 		.word	key_value
 384 00f4 00000000 		.word	key_cnt2
 385 00f8 00000000 		.word	key_cnt3
 386 00fc 00004042 		.word	1111490560
 387 0100 00000000 		.word	key_cnt4
 388              		.cfi_endproc
 389              	.LFE125:
 391              		.section	.text.key_init,"ax",%progbits
 392              		.align	1
 393              		.global	key_init
 394              		.syntax unified
 395              		.thumb
 396              		.thumb_func
 398              	key_init:
 399              	.LFB126:
 102:source\key/key.c **** 
 103:source\key/key.c **** 
 104:source\key/key.c **** void key_init (void)
 105:source\key/key.c **** {
 400              		.loc 1 105 1 is_stmt 1 view -0
 401              		.cfi_startproc
 402              		@ args = 0, pretend = 0, frame = 0
 403              		@ frame_needed = 0, uses_anonymous_args = 0
 106:source\key/key.c ****       /* Enable GPIO clocks */
 107:source\key/key.c ****       RCC_AHB1PeriphClockCmd(RCC_AHB1Periph_GPIOA | RCC_AHB1Periph_GPIOE | RCC_AHB1Periph_GPIOF, EN
 404              		.loc 1 107 7 view .LVU122
 105:source\key/key.c ****       /* Enable GPIO clocks */
 405              		.loc 1 105 1 is_stmt 0 view .LVU123
 406 0000 10B5     		push	{r4, lr}
 407              		.cfi_def_cfa_offset 8
 408              		.cfi_offset 4, -8
 409              		.cfi_offset 14, -4
 108:source\key/key.c ****       GPIO_Init_Pin(GPIOE,GPIO_Pin_2,GPIO_Speed_100MHz,GPIO_Mode_IPU);		// KEY 2
 410              		.loc 1 108 7 view .LVU124
 411 0002 184C     		ldr	r4, .L39
 107:source\key/key.c ****       GPIO_Init_Pin(GPIOE,GPIO_Pin_2,GPIO_Speed_100MHz,GPIO_Mode_IPU);		// KEY 2
 412              		.loc 1 107 7 view .LVU125
 413 0004 0121     		movs	r1, #1
 414 0006 3120     		movs	r0, #49
 415 0008 FFF7FEFF 		bl	RCC_AHB1PeriphClockCmd
 416              	.LVL5:
 417              		.loc 1 108 7 is_stmt 1 view .LVU126
 418 000c 1023     		movs	r3, #16
 419 000e 0322     		movs	r2, #3
 420 0010 0421     		movs	r1, #4
 421 0012 2046     		mov	r0, r4
 422 0014 FFF7FEFF 		bl	GPIO_Init_Pin
 423              	.LVL6:
 109:source\key/key.c ****       GPIO_Init_Pin(GPIOE,GPIO_Pin_3,GPIO_Speed_100MHz,GPIO_Mode_IPU);		// KEY 1
 424              		.loc 1 109 7 view .LVU127
 425 0018 1023     		movs	r3, #16
 426 001a 0322     		movs	r2, #3
 427 001c 0821     		movs	r1, #8
 428 001e 2046     		mov	r0, r4
 429 0020 FFF7FEFF 		bl	GPIO_Init_Pin
 430              	.LVL7:
 110:source\key/key.c ****       GPIO_Init_Pin(GPIOE,GPIO_Pin_4,GPIO_Speed_100MHz,GPIO_Mode_IPU);		// KEY 0
 431              		.loc 1 110 7 view .LVU128
 432 0024 1023     		movs	r3, #16
 433 0026 1946     		mov	r1, r3
 434 0028 0322     		movs	r2, #3
 435 002a 2046     		mov	r0, r4
 436 002c FFF7FEFF 		bl	GPIO_Init_Pin
 437              	.LVL8:
 111:source\key/key.c ****       GPIO_Init_Pin(GPIOA,GPIO_Pin_0,GPIO_Speed_100MHz,GPIO_Mode_IPD);		// WAKEUP_KEY
 438              		.loc 1 111 7 view .LVU129
 439 0030 0D48     		ldr	r0, .L39+4
 440 0032 2023     		movs	r3, #32
 441 0034 0322     		movs	r2, #3
 442 0036 0121     		movs	r1, #1
 443 0038 FFF7FEFF 		bl	GPIO_Init_Pin
 444              	.LVL9:
 112:source\key/key.c ****       GPIO_Init_Pin(GPIOF,GPIO_Pin_8,GPIO_Speed_100MHz,GPIO_Mode_Out_PP);	// BUZZER
 445              		.loc 1 112 7 view .LVU130
 446 003c 0123     		movs	r3, #1
 447 003e 0322     		movs	r2, #3
 448 0040 0A48     		ldr	r0, .L39+8
 449 0042 4FF48071 		mov	r1, #256
 450 0046 FFF7FEFF 		bl	GPIO_Init_Pin
 451              	.LVL10:
 113:source\key/key.c ****       BEEP = 0;
 452              		.loc 1 113 7 view .LVU131
 453              		.loc 1 113 12 is_stmt 0 view .LVU132
 454 004a 094A     		ldr	r2, .L39+12
 455 004c 0023     		movs	r3, #0
 456 004e C2F8A032 		str	r3, [r2, #672]
 114:source\key/key.c ****       beep_on = 0;
 457              		.loc 1 114 7 is_stmt 1 view .LVU133
 458              		.loc 1 114 15 is_stmt 0 view .LVU134
 459 0052 084A     		ldr	r2, .L39+16
 460 0054 1370     		strb	r3, [r2]
 115:source\key/key.c ****       beep_cnt = 0;
 461              		.loc 1 115 7 is_stmt 1 view .LVU135
 462              		.loc 1 115 16 is_stmt 0 view .LVU136
 463 0056 084A     		ldr	r2, .L39+20
 464 0058 1380     		strh	r3, [r2]	@ movhi
 116:source\key/key.c ****       beep_max = 500;
 465              		.loc 1 116 7 is_stmt 1 view .LVU137
 466              		.loc 1 116 16 is_stmt 0 view .LVU138
 467 005a 084B     		ldr	r3, .L39+24
 468 005c 4FF4FA72 		mov	r2, #500
 469 0060 1A80     		strh	r2, [r3]	@ movhi
 117:source\key/key.c **** }
 470              		.loc 1 117 1 view .LVU139
 471 0062 10BD     		pop	{r4, pc}
 472              	.L40:
 473              		.align	2
 474              	.L39:
 475 0064 00100240 		.word	1073876992
 476 0068 00000240 		.word	1073872896
 477 006c 00140240 		.word	1073878016
 478 0070 00804242 		.word	1111654400
 479 0074 00000000 		.word	beep_on
 480 0078 00000000 		.word	beep_cnt
 481 007c 00000000 		.word	beep_max
 482              		.cfi_endproc
 483              	.LFE126:
 485              		.global	beep_max
 486              		.section	.bss.beep_max,"aw",%nobits
 487              		.align	1
 490              	beep_max:
 491 0000 0000     		.space	2
 492              		.global	beep_cnt
 493              		.section	.bss.beep_cnt,"aw",%nobits
 494              		.align	1
 497              	beep_cnt:
 498 0000 0000     		.space	2
 499              		.global	beep_on
 500              		.section	.bss.beep_on,"aw",%nobits
 503              	beep_on:
 504 0000 00       		.space	1
 505              		.global	key_value
 506              		.section	.bss.key_value,"aw",%nobits
 509              	key_value:
 510 0000 00       		.space	1
 511              		.global	key_cnt4
 512              		.section	.bss.key_cnt4,"aw",%nobits
 515              	key_cnt4:
 516 0000 00       		.space	1
 517              		.global	key_cnt3
 518              		.section	.bss.key_cnt3,"aw",%nobits
 521              	key_cnt3:
 522 0000 00       		.space	1
 523              		.global	key_cnt2
 524              		.section	.bss.key_cnt2,"aw",%nobits
 527              	key_cnt2:
 528 0000 00       		.space	1
 529              		.global	key_cnt1
 530              		.section	.bss.key_cnt1,"aw",%nobits
 533              	key_cnt1:
 534 0000 00       		.space	1
 535              		.text
 536              	.Letext0:
 537              		.file 2 "c:\\program files (x86)\\arm gnu toolchain arm-none-eabi\\12.2 mpacbti-rel1\\arm-none-eab
 538              		.file 3 "c:\\program files (x86)\\arm gnu toolchain arm-none-eabi\\12.2 mpacbti-rel1\\arm-none-eab
 539              		.file 4 "c:/project/stm32fx_iolib/stm32fxxx/stm32f4xx/stm32f4xx.h"
 540              		.file 5 "c:/project/stm32fx_iolib/stm32f4x_iolib/include/stm32f4xx_gpio.h"
 541              		.file 6 "source\\key\\../prototype.h"
 542              		.file 7 "c:/project/stm32fx_iolib/stm32f4x_iolib/include/stm32f4xx_rcc.h"
DEFINED SYMBOLS
                            *ABS*:00000000 key.c
C:\Users\37593\AppData\Local\Temp\cc6UUwuI.s:21     .text.beep_control:00000000 $t
C:\Users\37593\AppData\Local\Temp\cc6UUwuI.s:27     .text.beep_control:00000000 beep_control
C:\Users\37593\AppData\Local\Temp\cc6UUwuI.s:81     .text.beep_control:00000020 $d
C:\Users\37593\AppData\Local\Temp\cc6UUwuI.s:497    .bss.beep_cnt:00000000 beep_cnt
C:\Users\37593\AppData\Local\Temp\cc6UUwuI.s:503    .bss.beep_on:00000000 beep_on
C:\Users\37593\AppData\Local\Temp\cc6UUwuI.s:88     .text.beep_check:00000000 $t
C:\Users\37593\AppData\Local\Temp\cc6UUwuI.s:94     .text.beep_check:00000000 beep_check
C:\Users\37593\AppData\Local\Temp\cc6UUwuI.s:155    .text.beep_check:00000038 $d
C:\Users\37593\AppData\Local\Temp\cc6UUwuI.s:490    .bss.beep_max:00000000 beep_max
C:\Users\37593\AppData\Local\Temp\cc6UUwuI.s:163    .text.key_read:00000000 $t
C:\Users\37593\AppData\Local\Temp\cc6UUwuI.s:169    .text.key_read:00000000 key_read
C:\Users\37593\AppData\Local\Temp\cc6UUwuI.s:381    .text.key_read:000000e8 $d
C:\Users\37593\AppData\Local\Temp\cc6UUwuI.s:533    .bss.key_cnt1:00000000 key_cnt1
C:\Users\37593\AppData\Local\Temp\cc6UUwuI.s:509    .bss.key_value:00000000 key_value
C:\Users\37593\AppData\Local\Temp\cc6UUwuI.s:527    .bss.key_cnt2:00000000 key_cnt2
C:\Users\37593\AppData\Local\Temp\cc6UUwuI.s:521    .bss.key_cnt3:00000000 key_cnt3
C:\Users\37593\AppData\Local\Temp\cc6UUwuI.s:515    .bss.key_cnt4:00000000 key_cnt4
C:\Users\37593\AppData\Local\Temp\cc6UUwuI.s:392    .text.key_init:00000000 $t
C:\Users\37593\AppData\Local\Temp\cc6UUwuI.s:398    .text.key_init:00000000 key_init
C:\Users\37593\AppData\Local\Temp\cc6UUwuI.s:475    .text.key_init:00000064 $d
C:\Users\37593\AppData\Local\Temp\cc6UUwuI.s:487    .bss.beep_max:00000000 $d
C:\Users\37593\AppData\Local\Temp\cc6UUwuI.s:494    .bss.beep_cnt:00000000 $d
C:\Users\37593\AppData\Local\Temp\cc6UUwuI.s:504    .bss.beep_on:00000000 $d
C:\Users\37593\AppData\Local\Temp\cc6UUwuI.s:510    .bss.key_value:00000000 $d
C:\Users\37593\AppData\Local\Temp\cc6UUwuI.s:516    .bss.key_cnt4:00000000 $d
C:\Users\37593\AppData\Local\Temp\cc6UUwuI.s:522    .bss.key_cnt3:00000000 $d
C:\Users\37593\AppData\Local\Temp\cc6UUwuI.s:528    .bss.key_cnt2:00000000 $d
C:\Users\37593\AppData\Local\Temp\cc6UUwuI.s:534    .bss.key_cnt1:00000000 $d

UNDEFINED SYMBOLS
RCC_AHB1PeriphClockCmd
GPIO_Init_Pin
